<?xml version="1.0" encoding="UTF-8"?>
<testng-results skipped="0" failed="0" total="1" passed="1">
  <reporter-output>
  </reporter-output>
  <suite name="Default suite" duration-ms="24071" started-at="2020-05-11T14:18:39Z" finished-at="2020-05-11T14:19:03Z">
    <groups>
    </groups>
    <test name="Default test" duration-ms="24071" started-at="2020-05-11T14:18:39Z" finished-at="2020-05-11T14:19:03Z">
      <class name="com.sunwing.qa.Test.Practice1">
        <test-method status="PASS" signature="m1()[pri:0, instance:com.sunwing.qa.Test.Practice1@1bc6a36e]" name="m1" duration-ms="24043" started-at="2020-05-11T19:48:39Z" finished-at="2020-05-11T19:49:03Z">
          <reporter-output>
          </reporter-output>
        </test-method> <!-- m1 -->
      </class> <!-- com.sunwing.qa.Test.Practice1 -->
    </test> <!-- Default test -->
  </suite> <!-- Default suite -->
</testng-results>
